2020-06-12 11:26:03 [main] [INFO] c.h.b.performance.PerformanceTest - Object: class com.hotels.beans.sample.mutable.MutableToFooSimple, Average transformation time: 0.047 ms
2020-06-12 11:26:04 [main] [INFO] c.h.b.performance.PerformanceTest - Object: class com.hotels.beans.sample.mutable.MutableToFooSubClass, Average transformation time: 0.569 ms
2020-06-12 11:26:04 [main] [INFO] c.h.b.performance.PerformanceTest - Object: class com.hotels.beans.sample.immutable.ImmutableToFooSimple, Average transformation time: 0.022 ms
2020-06-12 11:26:04 [main] [INFO] c.h.b.performance.PerformanceTest - Object: class com.hotels.beans.sample.immutable.ImmutableToFooSubClass, Average transformation time: 0.314 ms
2020-06-12 11:26:04 [main] [INFO] c.h.b.performance.PerformanceTest - Object: class com.hotels.beans.sample.mixed.MixedToFoo, Average transformation time: 0.342 ms
2020-06-12 11:41:05 [main] [INFO] c.h.b.performance.PerformanceTest - Object: class com.hotels.beans.sample.mutable.MutableToFooSimple, Average transformation time: 0.039 ms
2020-06-12 11:41:06 [main] [INFO] c.h.b.performance.PerformanceTest - Object: class com.hotels.beans.sample.mutable.MutableToFooSubClass, Average transformation time: 0.738 ms
2020-06-12 11:41:06 [main] [INFO] c.h.b.performance.PerformanceTest - Object: class com.hotels.beans.sample.immutable.ImmutableToFooSimple, Average transformation time: 0.025 ms
2020-06-12 11:41:06 [main] [INFO] c.h.b.performance.PerformanceTest - Object: class com.hotels.beans.sample.immutable.ImmutableToFooSubClass, Average transformation time: 0.354 ms
2020-06-12 11:41:07 [main] [INFO] c.h.b.performance.PerformanceTest - Object: class com.hotels.beans.sample.mixed.MixedToFoo, Average transformation time: 0.343 ms
2020-06-12 11:59:11 [main] [INFO] c.h.b.performance.PerformanceTest - Object: class com.hotels.beans.sample.mutable.MutableToFooSimple, Average transformation time: 0.088 ms
2020-06-12 11:59:11 [main] [INFO] c.h.b.performance.PerformanceTest - Object: class com.hotels.beans.sample.mutable.MutableToFooSubClass, Average transformation time: 0.505 ms
2020-06-12 11:59:11 [main] [INFO] c.h.b.performance.PerformanceTest - Object: class com.hotels.beans.sample.immutable.ImmutableToFooSimple, Average transformation time: 0.025 ms
2020-06-12 11:59:12 [main] [INFO] c.h.b.performance.PerformanceTest - Object: class com.hotels.beans.sample.immutable.ImmutableToFooSubClass, Average transformation time: 0.333 ms
2020-06-12 11:59:12 [main] [INFO] c.h.b.performance.PerformanceTest - Object: class com.hotels.beans.sample.mixed.MixedToFoo, Average transformation time: 0.358 ms
2020-06-12 12:13:31 [main] [INFO] c.h.b.performance.PerformanceTest - Object: class com.hotels.beans.sample.mutable.MutableToFooSimple, Average transformation time: 0.026 ms
2020-06-12 12:13:32 [main] [INFO] c.h.b.performance.PerformanceTest - Object: class com.hotels.beans.sample.mutable.MutableToFooSubClass, Average transformation time: 0.386 ms
2020-06-12 12:13:32 [main] [INFO] c.h.b.performance.PerformanceTest - Object: class com.hotels.beans.sample.immutable.ImmutableToFooSimple, Average transformation time: 0.021 ms
2020-06-12 12:13:32 [main] [INFO] c.h.b.performance.PerformanceTest - Object: class com.hotels.beans.sample.immutable.ImmutableToFooSubClass, Average transformation time: 0.306 ms
2020-06-12 12:13:32 [main] [INFO] c.h.b.performance.PerformanceTest - Object: class com.hotels.beans.sample.mixed.MixedToFoo, Average transformation time: 0.286 ms
2020-06-12 16:02:43 [main] [INFO] c.h.b.performance.PerformanceTest - Object: class com.hotels.beans.sample.mutable.MutableToFooSimple, Average transformation time: 0.037 ms
2020-06-12 16:02:43 [main] [INFO] c.h.b.performance.PerformanceTest - Object: class com.hotels.beans.sample.mutable.MutableToFooSubClass, Average transformation time: 0.336 ms
2020-06-12 16:02:43 [main] [INFO] c.h.b.performance.PerformanceTest - Object: class com.hotels.beans.sample.immutable.ImmutableToFooSimple, Average transformation time: 0.029 ms
2020-06-12 16:02:43 [main] [INFO] c.h.b.performance.PerformanceTest - Object: class com.hotels.beans.sample.immutable.ImmutableToFooSubClass, Average transformation time: 0.248 ms
2020-06-12 16:02:44 [main] [INFO] c.h.b.performance.PerformanceTest - Object: class com.hotels.beans.sample.mixed.MixedToFoo, Average transformation time: 0.165 ms
2020-06-12 16:03:26 [main] [INFO] c.h.b.performance.PerformanceTest - Object: class com.hotels.beans.sample.mutable.MutableToFooSimple, Average transformation time: 0.036 ms
2020-06-12 16:03:34 [main] [INFO] c.h.b.performance.PerformanceTest - Object: class com.hotels.beans.sample.mutable.MutableToFooSubClass, Average transformation time: 0.494 ms
2020-06-12 16:03:56 [main] [INFO] c.h.b.performance.PerformanceTest - Object: class com.hotels.beans.sample.immutable.ImmutableToFooSimple, Average transformation time: 0.024 ms
2020-06-12 16:04:49 [main] [INFO] c.h.b.performance.PerformanceTest - Object: class com.hotels.beans.sample.mutable.MutableToFooSimple, Average transformation time: 0.103 ms
2020-06-12 16:04:49 [main] [INFO] c.h.b.performance.PerformanceTest - Object: class com.hotels.beans.sample.mutable.MutableToFooSubClass, Average transformation time: 0.667 ms
2020-06-12 16:04:49 [main] [INFO] c.h.b.performance.PerformanceTest - Object: class com.hotels.beans.sample.immutable.ImmutableToFooSimple, Average transformation time: 0.027 ms
2020-06-12 16:04:50 [main] [INFO] c.h.b.performance.PerformanceTest - Object: class com.hotels.beans.sample.immutable.ImmutableToFooSubClass, Average transformation time: 0.498 ms
2020-06-12 16:04:50 [main] [INFO] c.h.b.performance.PerformanceTest - Object: class com.hotels.beans.sample.mixed.MixedToFoo, Average transformation time: 0.445 ms
2020-06-12 16:12:14 [main] [INFO] c.h.b.performance.PerformanceTest - Object: class com.hotels.beans.sample.mutable.MutableToFooSimple, Average transformation time: 0.02 ms
2020-06-12 16:12:14 [main] [INFO] c.h.b.performance.PerformanceTest - Object: class com.hotels.beans.sample.mutable.MutableToFooSubClass, Average transformation time: 0.335 ms
2020-06-12 16:12:14 [main] [INFO] c.h.b.performance.PerformanceTest - Object: class com.hotels.beans.sample.immutable.ImmutableToFooSimple, Average transformation time: 0.025 ms
2020-06-12 16:12:15 [main] [INFO] c.h.b.performance.PerformanceTest - Object: class com.hotels.beans.sample.immutable.ImmutableToFooSubClass, Average transformation time: 0.287 ms
2020-06-12 16:12:15 [main] [INFO] c.h.b.performance.PerformanceTest - Object: class com.hotels.beans.sample.mixed.MixedToFoo, Average transformation time: 0.222 ms
2020-06-12 16:15:52 [main] [INFO] c.h.b.performance.PerformanceTest - Object: class com.hotels.beans.sample.mutable.MutableToFooSimple, Average transformation time: 0.093 ms
2020-06-12 16:15:53 [main] [INFO] c.h.b.performance.PerformanceTest - Object: class com.hotels.beans.sample.mutable.MutableToFooSubClass, Average transformation time: 0.439 ms
2020-06-12 16:15:53 [main] [INFO] c.h.b.performance.PerformanceTest - Object: class com.hotels.beans.sample.immutable.ImmutableToFooSimple, Average transformation time: 0.029 ms
2020-06-12 16:15:53 [main] [INFO] c.h.b.performance.PerformanceTest - Object: class com.hotels.beans.sample.immutable.ImmutableToFooSubClass, Average transformation time: 0.45 ms
2020-06-12 16:15:54 [main] [INFO] c.h.b.performance.PerformanceTest - Object: class com.hotels.beans.sample.mixed.MixedToFoo, Average transformation time: 0.42 ms
2020-06-12 16:32:53 [main] [INFO] c.h.b.performance.PerformanceTest - Object: class com.hotels.beans.sample.mutable.MutableToFooSimple, Average transformation time: 0.034 ms
2020-06-12 16:32:54 [main] [INFO] c.h.b.performance.PerformanceTest - Object: class com.hotels.beans.sample.mutable.MutableToFooSubClass, Average transformation time: 0.468 ms
2020-06-12 16:32:54 [main] [INFO] c.h.b.performance.PerformanceTest - Object: class com.hotels.beans.sample.immutable.ImmutableToFooSimple, Average transformation time: 0.028 ms
2020-06-12 16:32:54 [main] [INFO] c.h.b.performance.PerformanceTest - Object: class com.hotels.beans.sample.immutable.ImmutableToFooSubClass, Average transformation time: 0.511 ms
2020-06-12 16:32:55 [main] [INFO] c.h.b.performance.PerformanceTest - Object: class com.hotels.beans.sample.mixed.MixedToFoo, Average transformation time: 0.459 ms
2020-06-12 16:34:55 [main] [INFO] c.h.b.performance.PerformanceTest - Object: class com.hotels.beans.sample.mutable.MutableToFooSimple, Average transformation time: 0.105 ms
2020-06-12 16:34:55 [main] [INFO] c.h.b.performance.PerformanceTest - Object: class com.hotels.beans.sample.mutable.MutableToFooSubClass, Average transformation time: 0.469 ms
2020-06-12 16:34:55 [main] [INFO] c.h.b.performance.PerformanceTest - Object: class com.hotels.beans.sample.immutable.ImmutableToFooSimple, Average transformation time: 0.028 ms
2020-06-12 16:34:56 [main] [INFO] c.h.b.performance.PerformanceTest - Object: class com.hotels.beans.sample.immutable.ImmutableToFooSubClass, Average transformation time: 0.461 ms
2020-06-12 16:34:56 [main] [INFO] c.h.b.performance.PerformanceTest - Object: class com.hotels.beans.sample.mixed.MixedToFoo, Average transformation time: 0.418 ms
2020-06-12 17:13:23 [main] [INFO] c.h.b.performance.PerformanceTest - Object: class com.hotels.beans.sample.mutable.MutableToFooSimple, Average transformation time: 0.029 ms
2020-06-12 17:13:24 [main] [INFO] c.h.b.performance.PerformanceTest - Object: class com.hotels.beans.sample.mutable.MutableToFooSubClass, Average transformation time: 0.372 ms
2020-06-12 17:13:24 [main] [INFO] c.h.b.performance.PerformanceTest - Object: class com.hotels.beans.sample.immutable.ImmutableToFooSimple, Average transformation time: 0.026 ms
2020-06-12 17:13:24 [main] [INFO] c.h.b.performance.PerformanceTest - Object: class com.hotels.beans.sample.immutable.ImmutableToFooSubClass, Average transformation time: 0.292 ms
2020-06-12 17:13:24 [main] [INFO] c.h.b.performance.PerformanceTest - Object: class com.hotels.beans.sample.mixed.MixedToFoo, Average transformation time: 0.229 ms
2020-06-12 17:14:14 [main] [INFO] c.h.b.performance.PerformanceTest - Object: class com.hotels.beans.sample.mutable.MutableToFooSimple, Average transformation time: 0.031 ms
2020-06-12 17:14:14 [main] [INFO] c.h.b.performance.PerformanceTest - Object: class com.hotels.beans.sample.mutable.MutableToFooSubClass, Average transformation time: 0.424 ms
2020-06-12 17:14:14 [main] [INFO] c.h.b.performance.PerformanceTest - Object: class com.hotels.beans.sample.immutable.ImmutableToFooSimple, Average transformation time: 0.031 ms
2020-06-12 17:14:14 [main] [INFO] c.h.b.performance.PerformanceTest - Object: class com.hotels.beans.sample.immutable.ImmutableToFooSubClass, Average transformation time: 0.287 ms
2020-06-12 17:14:15 [main] [INFO] c.h.b.performance.PerformanceTest - Object: class com.hotels.beans.sample.mixed.MixedToFoo, Average transformation time: 0.329 ms
2020-06-12 17:15:38 [main] [INFO] c.h.b.performance.PerformanceTest - Object: class com.hotels.beans.sample.mutable.MutableToFooSimple, Average transformation time: 0.027 ms
2020-06-12 17:15:38 [main] [INFO] c.h.b.performance.PerformanceTest - Object: class com.hotels.beans.sample.mutable.MutableToFooSubClass, Average transformation time: 0.35 ms
2020-06-12 17:15:38 [main] [INFO] c.h.b.performance.PerformanceTest - Object: class com.hotels.beans.sample.immutable.ImmutableToFooSimple, Average transformation time: 0.03 ms
2020-06-12 17:15:38 [main] [INFO] c.h.b.performance.PerformanceTest - Object: class com.hotels.beans.sample.immutable.ImmutableToFooSubClass, Average transformation time: 0.287 ms
2020-06-12 17:15:39 [main] [INFO] c.h.b.performance.PerformanceTest - Object: class com.hotels.beans.sample.mixed.MixedToFoo, Average transformation time: 0.333 ms
2020-06-12 17:16:21 [main] [INFO] c.h.b.performance.PerformanceTest - Object: class com.hotels.beans.sample.mutable.MutableToFooSimple, Average transformation time: 0.027 ms
2020-06-12 17:16:21 [main] [INFO] c.h.b.performance.PerformanceTest - Object: class com.hotels.beans.sample.mutable.MutableToFooSubClass, Average transformation time: 0.367 ms
2020-06-12 17:16:21 [main] [INFO] c.h.b.performance.PerformanceTest - Object: class com.hotels.beans.sample.immutable.ImmutableToFooSimple, Average transformation time: 0.028 ms
2020-06-12 17:16:21 [main] [INFO] c.h.b.performance.PerformanceTest - Object: class com.hotels.beans.sample.immutable.ImmutableToFooSubClass, Average transformation time: 0.253 ms
2020-06-12 17:16:22 [main] [INFO] c.h.b.performance.PerformanceTest - Object: class com.hotels.beans.sample.mixed.MixedToFoo, Average transformation time: 0.374 ms
2020-06-12 17:36:26 [main] [INFO] c.h.b.performance.PerformanceTest - Object: class com.hotels.beans.sample.mutable.MutableToFooSimple, Average transformation time: 0.046 ms
2020-06-12 17:36:27 [main] [INFO] c.h.b.performance.PerformanceTest - Object: class com.hotels.beans.sample.mutable.MutableToFooSubClass, Average transformation time: 0.882 ms
2020-06-12 17:36:27 [main] [INFO] c.h.b.performance.PerformanceTest - Object: class com.hotels.beans.sample.immutable.ImmutableToFooSimple, Average transformation time: 0.026 ms
2020-06-12 17:36:27 [main] [INFO] c.h.b.performance.PerformanceTest - Object: class com.hotels.beans.sample.immutable.ImmutableToFooSubClass, Average transformation time: 0.398 ms
2020-06-12 17:36:28 [main] [INFO] c.h.b.performance.PerformanceTest - Object: class com.hotels.beans.sample.mixed.MixedToFoo, Average transformation time: 0.441 ms
2020-06-12 17:38:37 [main] [INFO] c.h.b.performance.PerformanceTest - Object: class com.hotels.beans.sample.mutable.MutableToFooSimple, Average transformation time: 0.066 ms
2020-06-12 17:38:39 [main] [INFO] c.h.b.performance.PerformanceTest - Object: class com.hotels.beans.sample.mutable.MutableToFooSubClass, Average transformation time: 1.302 ms
2020-06-12 17:38:39 [main] [INFO] c.h.b.performance.PerformanceTest - Object: class com.hotels.beans.sample.immutable.ImmutableToFooSimple, Average transformation time: 0.046 ms
2020-06-12 17:38:39 [main] [INFO] c.h.b.performance.PerformanceTest - Object: class com.hotels.beans.sample.immutable.ImmutableToFooSubClass, Average transformation time: 0.586 ms
2020-06-12 17:38:40 [main] [INFO] c.h.b.performance.PerformanceTest - Object: class com.hotels.beans.sample.mixed.MixedToFoo, Average transformation time: 0.407 ms
2020-06-12 17:40:45 [main] [INFO] c.h.b.performance.PerformanceTest - Object: class com.hotels.beans.sample.mutable.MutableToFooSimple, Average transformation time: 0.026 ms
2020-06-12 17:40:45 [main] [INFO] c.h.b.performance.PerformanceTest - Object: class com.hotels.beans.sample.mutable.MutableToFooSubClass, Average transformation time: 0.416 ms
2020-06-12 17:40:45 [main] [INFO] c.h.b.performance.PerformanceTest - Object: class com.hotels.beans.sample.immutable.ImmutableToFooSimple, Average transformation time: 0.029 ms
2020-06-12 17:40:46 [main] [INFO] c.h.b.performance.PerformanceTest - Object: class com.hotels.beans.sample.immutable.ImmutableToFooSubClass, Average transformation time: 0.402 ms
2020-06-12 17:40:46 [main] [INFO] c.h.b.performance.PerformanceTest - Object: class com.hotels.beans.sample.mixed.MixedToFoo, Average transformation time: 0.413 ms
